<?xml version="1.0" encoding="UTF-8"?>
<testng-results ignored="0" total="4" passed="4" failed="0" skipped="0">
  <reporter-output>
  </reporter-output>
  <suite started-at="2024-06-22T14:24:28 IST" name="ExampleSuite" finished-at="2024-06-22T14:24:28 IST" duration-ms="285">
    <groups>
    </groups>
    <test started-at="2024-06-22T14:24:28 IST" name="AnnotationTest" finished-at="2024-06-22T14:24:28 IST" duration-ms="285">
      <class name="selfbdmo.AnnotationTwo">
        <test-method signature="Five()[pri:0, instance:selfbdmo.AnnotationTwo@368f2016]" started-at="2024-06-22T14:24:28 IST" name="Five" finished-at="2024-06-22T14:24:28 IST" duration-ms="55" status="PASS">
          <reporter-output>
          </reporter-output>
        </test-method> <!-- Five -->
        <test-method signature="Four()[pri:0, instance:selfbdmo.AnnotationTwo@368f2016]" started-at="2024-06-22T14:24:28 IST" name="Four" finished-at="2024-06-22T14:24:28 IST" duration-ms="22" status="PASS">
          <reporter-output>
          </reporter-output>
        </test-method> <!-- Four -->
      </class> <!-- selfbdmo.AnnotationTwo -->
      <class name="selfbdmo.AnotationOne">
        <test-method is-config="true" signature="BeforeClassMethod()[pri:0, instance:selfbdmo.AnotationOne@22ff4249]" started-at="2024-06-22T14:24:28 IST" name="BeforeClassMethod" finished-at="2024-06-22T14:24:28 IST" duration-ms="14" status="PASS">
          <reporter-output>
          </reporter-output>
        </test-method> <!-- BeforeClassMethod -->
        <test-method is-config="true" signature="TestThreeMethod()[pri:0, instance:selfbdmo.AnotationOne@22ff4249]" started-at="2024-06-22T14:24:28 IST" name="TestThreeMethod" finished-at="2024-06-22T14:24:28 IST" duration-ms="5" status="PASS">
          <reporter-output>
          </reporter-output>
        </test-method> <!-- TestThreeMethod -->
        <test-method signature="TestOne()[pri:0, instance:selfbdmo.AnotationOne@22ff4249]" started-at="2024-06-22T14:24:28 IST" name="TestOne" finished-at="2024-06-22T14:24:28 IST" duration-ms="6" status="PASS">
          <reporter-output>
          </reporter-output>
        </test-method> <!-- TestOne -->
        <test-method is-config="true" signature="TestThreeMethod()[pri:0, instance:selfbdmo.AnotationOne@22ff4249]" started-at="2024-06-22T14:24:28 IST" name="TestThreeMethod" finished-at="2024-06-22T14:24:28 IST" duration-ms="2" status="PASS">
          <reporter-output>
          </reporter-output>
        </test-method> <!-- TestThreeMethod -->
        <test-method signature="TestTwo()[pri:0, instance:selfbdmo.AnotationOne@22ff4249]" started-at="2024-06-22T14:24:28 IST" name="TestTwo" finished-at="2024-06-22T14:24:28 IST" duration-ms="3" status="PASS">
          <reporter-output>
          </reporter-output>
        </test-method> <!-- TestTwo -->
        <test-method is-config="true" signature="TestFourMethod()[pri:0, instance:selfbdmo.AnotationOne@22ff4249]" started-at="2024-06-22T14:24:28 IST" name="TestFourMethod" finished-at="2024-06-22T14:24:28 IST" duration-ms="1" status="PASS">
          <reporter-output>
          </reporter-output>
        </test-method> <!-- TestFourMethod -->
      </class> <!-- selfbdmo.AnotationOne -->
    </test> <!-- AnnotationTest -->
  </suite> <!-- ExampleSuite -->
</testng-results>
