<?xml version="1.0" encoding="UTF-8"?>
<testng-results ignored="0" total="1" passed="1" failed="0" skipped="0">
  <reporter-output>
  </reporter-output>
  <suite started-at="2024-07-06T19:33:16 IST" name="Default suite" finished-at="2024-07-06T19:33:33 IST" duration-ms="17691">
    <groups>
    </groups>
    <test started-at="2024-07-06T19:33:16 IST" name="Default test" finished-at="2024-07-06T19:33:33 IST" duration-ms="17691">
      <class name="selfbdmo.SSinSelenium">
        <test-method signature="screen()[pri:0, instance:selfbdmo.SSinSelenium@34a3d150]" started-at="2024-07-06T19:33:16 IST" name="screen" finished-at="2024-07-06T19:33:33 IST" duration-ms="17421" status="PASS">
          <reporter-output>
          </reporter-output>
        </test-method> <!-- screen -->
      </class> <!-- selfbdmo.SSinSelenium -->
    </test> <!-- Default test -->
  </suite> <!-- Default suite -->
</testng-results>
