<?xml version="1.0" encoding="UTF-8"?>
<!-- Generated by org.testng.reporters.JUnitXMLReporter -->
<testsuite ignored="0" hostname="DESKTOP-Q8E7SNA" failures="0" tests="4" name="AnnotationTest" time="0.285" errors="0" timestamp="2024-06-22T14:24:28 IST">
  <testcase classname="selfbdmo.AnnotationTwo" name="Five" time="0.055"/>
  <testcase classname="selfbdmo.AnnotationTwo" name="Four" time="0.022"/>
  <testcase classname="selfbdmo.AnotationOne" name="TestOne" time="0.006"/>
  <testcase classname="selfbdmo.AnotationOne" name="TestTwo" time="0.003"/>
</testsuite> <!-- AnnotationTest -->
